QuizPlayer.tsx:111 Quiz submission success: {success: true, attempt: {…}, responses: Array(3), score: 30, total_points: 30, …}
QuizPlayer.tsx:118 Quiz passed, learn rewards earned: 45
QuizPlayer.tsx:120 Setting reward dialog data: {earned: 45, total: 45}
LessonPlayer.tsx:399 [LessonPlayer] getModuleNumber {moduleId: 'badba17e-1e34-4441-b6f8-6e9746857753', sortedModules: Array(4), idx: 0}
LessonPlayer.tsx:399 [LessonPlayer] getModuleNumber {moduleId: 'badba17e-1e34-4441-b6f8-6e9746857753', sortedModules: Array(4), idx: 0}
LessonPlayer.tsx:659 [LessonPlayer] MobileNav {lesson: {…}, moduleIndex: 0, moduleNumber: 1, globalIndex: 0}
LessonPlayer.tsx:399 [LessonPlayer] getModuleNumber {moduleId: 'badba17e-1e34-4441-b6f8-6e9746857753', sortedModules: Array(4), idx: 0}
LessonPlayer.tsx:659 [LessonPlayer] MobileNav {lesson: {…}, moduleIndex: 1, moduleNumber: 1, globalIndex: 1}
LessonPlayer.tsx:399 [LessonPlayer] getModuleNumber {moduleId: 'badba17e-1e34-4441-b6f8-6e9746857753', sortedModules: Array(4), idx: 0}
LessonPlayer.tsx:659 [LessonPlayer] MobileNav {lesson: {…}, moduleIndex: 2, moduleNumber: 1, globalIndex: 2}
LessonPlayer.tsx:399 [LessonPlayer] getModuleNumber {moduleId: 'badba17e-1e34-4441-b6f8-6e9746857753', sortedModules: Array(4), idx: 0}
LessonPlayer.tsx:399 [LessonPlayer] getModuleNumber {moduleId: 'badba17e-1e34-4441-b6f8-6e9746857753', sortedModules: Array(4), idx: 0}
LessonPlayer.tsx:735 [LessonPlayer] SidebarNav {lesson: {…}, moduleIndex: 0, moduleNumber: 1, globalIndex: 0}
LessonPlayer.tsx:399 [LessonPlayer] getModuleNumber {moduleId: 'badba17e-1e34-4441-b6f8-6e9746857753', sortedModules: Array(4), idx: 0}
LessonPlayer.tsx:735 [LessonPlayer] SidebarNav {lesson: {…}, moduleIndex: 1, moduleNumber: 1, globalIndex: 1}
LessonPlayer.tsx:399 [LessonPlayer] getModuleNumber {moduleId: 'badba17e-1e34-4441-b6f8-6e9746857753', sortedModules: Array(4), idx: 0}
LessonPlayer.tsx:735 [LessonPlayer] SidebarNav {lesson: {…}, moduleIndex: 2, moduleNumber: 1, globalIndex: 2}
LessonPlayer.tsx:399 [LessonPlayer] getModuleNumber {moduleId: 'badba17e-1e34-4441-b6f8-6e9746857753', sortedModules: Array(4), idx: 0}
LessonPlayer.tsx:399 [LessonPlayer] getModuleNumber {moduleId: 'badba17e-1e34-4441-b6f8-6e9746857753', sortedModules: Array(4), idx: 0}
LessonPlayer.tsx:659 [LessonPlayer] MobileNav {lesson: {…}, moduleIndex: 0, moduleNumber: 1, globalIndex: 0}
LessonPlayer.tsx:399 [LessonPlayer] getModuleNumber {moduleId: 'badba17e-1e34-4441-b6f8-6e9746857753', sortedModules: Array(4), idx: 0}
LessonPlayer.tsx:659 [LessonPlayer] MobileNav {lesson: {…}, moduleIndex: 1, moduleNumber: 1, globalIndex: 1}
LessonPlayer.tsx:399 [LessonPlayer] getModuleNumber {moduleId: 'badba17e-1e34-4441-b6f8-6e9746857753', sortedModules: Array(4), idx: 0}
LessonPlayer.tsx:659 [LessonPlayer] MobileNav {lesson: {…}, moduleIndex: 2, moduleNumber: 1, globalIndex: 2}
LessonPlayer.tsx:399 [LessonPlayer] getModuleNumber {moduleId: 'badba17e-1e34-4441-b6f8-6e9746857753', sortedModules: Array(4), idx: 0}
LessonPlayer.tsx:399 [LessonPlayer] getModuleNumber {moduleId: 'badba17e-1e34-4441-b6f8-6e9746857753', sortedModules: Array(4), idx: 0}
LessonPlayer.tsx:735 [LessonPlayer] SidebarNav {lesson: {…}, moduleIndex: 0, moduleNumber: 1, globalIndex: 0}
LessonPlayer.tsx:399 [LessonPlayer] getModuleNumber {moduleId: 'badba17e-1e34-4441-b6f8-6e9746857753', sortedModules: Array(4), idx: 0}
LessonPlayer.tsx:735 [LessonPlayer] SidebarNav {lesson: {…}, moduleIndex: 1, moduleNumber: 1, globalIndex: 1}
LessonPlayer.tsx:399 [LessonPlayer] getModuleNumber {moduleId: 'badba17e-1e34-4441-b6f8-6e9746857753', sortedModules: Array(4), idx: 0}
LessonPlayer.tsx:735 [LessonPlayer] SidebarNav {lesson: {…}, moduleIndex: 2, moduleNumber: 1, globalIndex: 2}
LessonPlayer.tsx:214 Lesson completion response: {success: true, message: 'Lesson already marked as complete', data: {…}}
LessonPlayer.tsx:219 Learn rewards earned: 0
LessonPlayer.tsx:399 [LessonPlayer] getModuleNumber {moduleId: 'badba17e-1e34-4441-b6f8-6e9746857753', sortedModules: Array(4), idx: 0}
LessonPlayer.tsx:399 [LessonPlayer] getModuleNumber {moduleId: 'badba17e-1e34-4441-b6f8-6e9746857753', sortedModules: Array(4), idx: 0}
LessonPlayer.tsx:659 [LessonPlayer] MobileNav {lesson: {…}, moduleIndex: 0, moduleNumber: 1, globalIndex: 0}
LessonPlayer.tsx:399 [LessonPlayer] getModuleNumber {moduleId: 'badba17e-1e34-4441-b6f8-6e9746857753', sortedModules: Array(4), idx: 0}
LessonPlayer.tsx:659 [LessonPlayer] MobileNav {lesson: {…}, moduleIndex: 1, moduleNumber: 1, globalIndex: 1}
LessonPlayer.tsx:399 [LessonPlayer] getModuleNumber {moduleId: 'badba17e-1e34-4441-b6f8-6e9746857753', sortedModules: Array(4), idx: 0}
LessonPlayer.tsx:659 [LessonPlayer] MobileNav {lesson: {…}, moduleIndex: 2, moduleNumber: 1, globalIndex: 2}
LessonPlayer.tsx:399 [LessonPlayer] getModuleNumber {moduleId: 'badba17e-1e34-4441-b6f8-6e9746857753', sortedModules: Array(4), idx: 0}
LessonPlayer.tsx:399 [LessonPlayer] getModuleNumber {moduleId: 'badba17e-1e34-4441-b6f8-6e9746857753', sortedModules: Array(4), idx: 0}
LessonPlayer.tsx:735 [LessonPlayer] SidebarNav {lesson: {…}, moduleIndex: 0, moduleNumber: 1, globalIndex: 0}
LessonPlayer.tsx:399 [LessonPlayer] getModuleNumber {moduleId: 'badba17e-1e34-4441-b6f8-6e9746857753', sortedModules: Array(4), idx: 0}
LessonPlayer.tsx:735 [LessonPlayer] SidebarNav {lesson: {…}, moduleIndex: 1, moduleNumber: 1, globalIndex: 1}
LessonPlayer.tsx:399 [LessonPlayer] getModuleNumber {moduleId: 'badba17e-1e34-4441-b6f8-6e9746857753', sortedModules: Array(4), idx: 0}
LessonPlayer.tsx:735 [LessonPlayer] SidebarNav {lesson: {…}, moduleIndex: 2, moduleNumber: 1, globalIndex: 2}
LessonPlayer.tsx:399 [LessonPlayer] getModuleNumber {moduleId: 'badba17e-1e34-4441-b6f8-6e9746857753', sortedModules: Array(4), idx: 0}
LessonPlayer.tsx:399 [LessonPlayer] getModuleNumber {moduleId: 'badba17e-1e34-4441-b6f8-6e9746857753', sortedModules: Array(4), idx: 0}
LessonPlayer.tsx:659 [LessonPlayer] MobileNav {lesson: {…}, moduleIndex: 0, moduleNumber: 1, globalIndex: 0}
LessonPlayer.tsx:399 [LessonPlayer] getModuleNumber {moduleId: 'badba17e-1e34-4441-b6f8-6e9746857753', sortedModules: Array(4), idx: 0}
LessonPlayer.tsx:659 [LessonPlayer] MobileNav {lesson: {…}, moduleIndex: 1, moduleNumber: 1, globalIndex: 1}
LessonPlayer.tsx:399 [LessonPlayer] getModuleNumber {moduleId: 'badba17e-1e34-4441-b6f8-6e9746857753', sortedModules: Array(4), idx: 0}
LessonPlayer.tsx:659 [LessonPlayer] MobileNav {lesson: {…}, moduleIndex: 2, moduleNumber: 1, globalIndex: 2}
LessonPlayer.tsx:399 [LessonPlayer] getModuleNumber {moduleId: 'badba17e-1e34-4441-b6f8-6e9746857753', sortedModules: Array(4), idx: 0}
LessonPlayer.tsx:399 [LessonPlayer] getModuleNumber {moduleId: 'badba17e-1e34-4441-b6f8-6e9746857753', sortedModules: Array(4), idx: 0}
LessonPlayer.tsx:735 [LessonPlayer] SidebarNav {lesson: {…}, moduleIndex: 0, moduleNumber: 1, globalIndex: 0}
LessonPlayer.tsx:399 [LessonPlayer] getModuleNumber {moduleId: 'badba17e-1e34-4441-b6f8-6e9746857753', sortedModules: Array(4), idx: 0}
LessonPlayer.tsx:735 [LessonPlayer] SidebarNav {lesson: {…}, moduleIndex: 1, moduleNumber: 1, globalIndex: 1}
LessonPlayer.tsx:399 [LessonPlayer] getModuleNumber {moduleId: 'badba17e-1e34-4441-b6f8-6e9746857753', sortedModules: Array(4), idx: 0}
LessonPlayer.tsx:735 [LessonPlayer] SidebarNav {lesson: {…}, moduleIndex: 2, moduleNumber: 1, globalIndex: 2}
LessonPlayer.tsx:399 [LessonPlayer] getModuleNumber {moduleId: 'badba17e-1e34-4441-b6f8-6e9746857753', sortedModules: Array(4), idx: 0}
LessonPlayer.tsx:399 [LessonPlayer] getModuleNumber {moduleId: 'badba17e-1e34-4441-b6f8-6e9746857753', sortedModules: Array(4), idx: 0}
LessonPlayer.tsx:659 [LessonPlayer] MobileNav {lesson: {…}, moduleIndex: 0, moduleNumber: 1, globalIndex: 0}
LessonPlayer.tsx:399 [LessonPlayer] getModuleNumber {moduleId: 'badba17e-1e34-4441-b6f8-6e9746857753', sortedModules: Array(4), idx: 0}
LessonPlayer.tsx:659 [LessonPlayer] MobileNav {lesson: {…}, moduleIndex: 1, moduleNumber: 1, globalIndex: 1}
LessonPlayer.tsx:399 [LessonPlayer] getModuleNumber {moduleId: 'badba17e-1e34-4441-b6f8-6e9746857753', sortedModules: Array(4), idx: 0}
LessonPlayer.tsx:659 [LessonPlayer] MobileNav {lesson: {…}, moduleIndex: 2, moduleNumber: 1, globalIndex: 2}
LessonPlayer.tsx:399 [LessonPlayer] getModuleNumber {moduleId: 'badba17e-1e34-4441-b6f8-6e9746857753', sortedModules: Array(4), idx: 0}
LessonPlayer.tsx:399 [LessonPlayer] getModuleNumber {moduleId: 'badba17e-1e34-4441-b6f8-6e9746857753', sortedModules: Array(4), idx: 0}
LessonPlayer.tsx:735 [LessonPlayer] SidebarNav {lesson: {…}, moduleIndex: 0, moduleNumber: 1, globalIndex: 0}
LessonPlayer.tsx:399 [LessonPlayer] getModuleNumber {moduleId: 'badba17e-1e34-4441-b6f8-6e9746857753', sortedModules: Array(4), idx: 0}
LessonPlayer.tsx:735 [LessonPlayer] SidebarNav {lesson: {…}, moduleIndex: 1, moduleNumber: 1, globalIndex: 1}
LessonPlayer.tsx:399 [LessonPlayer] getModuleNumber {moduleId: 'badba17e-1e34-4441-b6f8-6e9746857753', sortedModules: Array(4), idx: 0}
LessonPlayer.tsx:735 [LessonPlayer] SidebarNav {lesson: {…}, moduleIndex: 2, moduleNumber: 1, globalIndex: 2}
LessonPlayer.tsx:399 [LessonPlayer] getModuleNumber {moduleId: 'badba17e-1e34-4441-b6f8-6e9746857753', sortedModules: Array(4), idx: 0}
LessonPlayer.tsx:399 [LessonPlayer] getModuleNumber {moduleId: 'badba17e-1e34-4441-b6f8-6e9746857753', sortedModules: Array(4), idx: 0}
LessonPlayer.tsx:659 [LessonPlayer] MobileNav {lesson: {…}, moduleIndex: 0, moduleNumber: 1, globalIndex: 0}
LessonPlayer.tsx:399 [LessonPlayer] getModuleNumber {moduleId: 'badba17e-1e34-4441-b6f8-6e9746857753', sortedModules: Array(4), idx: 0}
LessonPlayer.tsx:659 [LessonPlayer] MobileNav {lesson: {…}, moduleIndex: 1, moduleNumber: 1, globalIndex: 1}
LessonPlayer.tsx:399 [LessonPlayer] getModuleNumber {moduleId: 'badba17e-1e34-4441-b6f8-6e9746857753', sortedModules: Array(4), idx: 0}
LessonPlayer.tsx:659 [LessonPlayer] MobileNav {lesson: {…}, moduleIndex: 2, moduleNumber: 1, globalIndex: 2}
LessonPlayer.tsx:399 [LessonPlayer] getModuleNumber {moduleId: 'badba17e-1e34-4441-b6f8-6e9746857753', sortedModules: Array(4), idx: 0}
LessonPlayer.tsx:399 [LessonPlayer] getModuleNumber {moduleId: 'badba17e-1e34-4441-b6f8-6e9746857753', sortedModules: Array(4), idx: 0}
LessonPlayer.tsx:735 [LessonPlayer] SidebarNav {lesson: {…}, moduleIndex: 0, moduleNumber: 1, globalIndex: 0}
LessonPlayer.tsx:399 [LessonPlayer] getModuleNumber {moduleId: 'badba17e-1e34-4441-b6f8-6e9746857753', sortedModules: Array(4), idx: 0}
LessonPlayer.tsx:735 [LessonPlayer] SidebarNav {lesson: {…}, moduleIndex: 1, moduleNumber: 1, globalIndex: 1}
LessonPlayer.tsx:399 [LessonPlayer] getModuleNumber {moduleId: 'badba17e-1e34-4441-b6f8-6e9746857753', sortedModules: Array(4), idx: 0}
LessonPlayer.tsx:735 [LessonPlayer] SidebarNav {lesson: {…}, moduleIndex: 2, moduleNumber: 1, globalIndex: 2}
[2025-08-06 17:31:27] production.INFO: Getting exam status: {"exam_id":"1350843e-09f3-4856-95ff-205081bbe71f","status":"completed"} 
[2025-08-06 17:31:27] production.INFO: Getting exam status: {"exam_id":"137544e8-a135-4cb6-a64b-92bca85634ae","status":"upcoming"} 
[2025-08-06 17:31:27] production.INFO: Getting exam status: {"exam_id":"1350843e-09f3-4856-95ff-205081bbe71f","status":"completed"} 
[2025-08-06 17:31:27] production.INFO: Getting exam status: {"exam_id":"137544e8-a135-4cb6-a64b-92bca85634ae","status":"upcoming"} 
[2025-08-06 17:50:43] production.INFO: Getting exam status: {"exam_id":"1350843e-09f3-4856-95ff-205081bbe71f","status":"completed"} 
[2025-08-06 17:50:43] production.INFO: Getting exam status: {"exam_id":"137544e8-a135-4cb6-a64b-92bca85634ae","status":"upcoming"} 
[2025-08-06 17:50:43] production.INFO: Getting exam status: {"exam_id":"1350843e-09f3-4856-95ff-205081bbe71f","status":"completed"} 
[2025-08-06 17:50:43] production.INFO: Getting exam status: {"exam_id":"137544e8-a135-4cb6-a64b-92bca85634ae","status":"upcoming"} 
[2025-08-07 09:06:02] production.ERROR: SQLSTATE[HY000]: General error: 1005 Can't create table `tph`.`user_conversion_tasks` (errno: 150 "Foreign key constraint is incorrectly formed") (Connection: mysql, SQL: alter table `user_conversion_tasks` add constraint `user_conversion_tasks_user_id_foreign` foreign key (`user_id`) references `users` (`id`) on delete cascade) {"exception":"[object] (Illuminate\\Database\\QueryException(code: HY000): SQLSTATE[HY000]: General error: 1005 Can't create table `tph`.`user_conversion_tasks` (errno: 150 \"Foreign key constraint is incorrectly formed\") (Connection: mysql, SQL: alter table `user_conversion_tasks` add constraint `user_conversion_tasks_user_id_foreign` foreign key (`user_id`) references `users` (`id`) on delete cascade) at C:\\xampp\\htdocs\\tekiplanet\\backend\\vendor\\laravel\\framework\\src\\Illuminate\\Database\\Connection.php:829)
[stacktrace]
#0 C:\\xampp\\htdocs\\tekiplanet\\backend\\vendor\\laravel\\framework\\src\\Illuminate\\Database\\Connection.php(783): Illuminate\\Database\\Connection->runQueryCallback('alter table `us...', Array, Object(Closure))
#1 C:\\xampp\\htdocs\\tekiplanet\\backend\\vendor\\laravel\\framework\\src\\Illuminate\\Database\\Connection.php(588): Illuminate\\Database\\Connection->run('alter table `us...', Array, Object(Closure))
#2 C:\\xampp\\htdocs\\tekiplanet\\backend\\vendor\\laravel\\framework\\src\\Illuminate\\Database\\Schema\\Blueprint.php(110): Illuminate\\Database\\Connection->statement('alter table `us...')
#3 C:\\xampp\\htdocs\\tekiplanet\\backend\\vendor\\laravel\\framework\\src\\Illuminate\\Database\\Schema\\Builder.php(602): Illuminate\\Database\\Schema\\Blueprint->build(Object(Illuminate\\Database\\MySqlConnection), Object(Illuminate\\Database\\Schema\\Grammars\\MySqlGrammar))
#4 C:\\xampp\\htdocs\\tekiplanet\\backend\\vendor\\laravel\\framework\\src\\Illuminate\\Database\\Schema\\Builder.php(460): Illuminate\\Database\\Schema\\Builder->build(Object(Illuminate\\Database\\Schema\\Blueprint))
#5 C:\\xampp\\htdocs\\tekiplanet\\backend\\vendor\\laravel\\framework\\src\\Illuminate\\Support\\Facades\\Facade.php(355): Illuminate\\Database\\Schema\\Builder->create('user_conversion...', Object(Closure))
#6 C:\\xampp\\htdocs\\tekiplanet\\backend\\database\\migrations\\2024_05_01_000005_create_user_conversion_tasks_table.php(25): Illuminate\\Support\\Facades\\Facade::__callStatic('create', Array)
#7 C:\\xampp\\htdocs\\tekiplanet\\backend\\vendor\\laravel\\framework\\src\\Illuminate\\Database\\Migrations\\Migrator.php(501): Illuminate\\Database\\Migrations\\Migration@anonymous->up()
#8 C:\\xampp\\htdocs\\tekiplanet\\backend\\vendor\\laravel\\framework\\src\\Illuminate\\Database\\Migrations\\Migrator.php(418): Illuminate\\Database\\Migrations\\Migrator->runMethod(Object(Illuminate\\Database\\MySqlConnection), Object(Illuminate\\Database\\Migrations\\Migration@anonymous), 'up')
#9 C:\\xampp\\htdocs\\tekiplanet\\backend\\vendor\\laravel\\framework\\src\\Illuminate\\Database\\Migrations\\Migrator.php(427): Illuminate\\Database\\Migrations\\Migrator->Illuminate\\Database\\Migrations\\{closure}()
#10 C:\\xampp\\htdocs\\tekiplanet\\backend\\vendor\\laravel\\framework\\src\\Illuminate\\Database\\Migrations\\Migrator.php(224): Illuminate\\Database\\Migrations\\Migrator->runMigration(Object(Illuminate\\Database\\Migrations\\Migration@anonymous), 'up')
#11 C:\\xampp\\htdocs\\tekiplanet\\backend\\vendor\\laravel\\framework\\src\\Illuminate\\Console\\View\\Components\\Task.php(37): Illuminate\\Database\\Migrations\\Migrator->Illuminate\\Database\\Migrations\\{closure}()
#12 C:\\xampp\\htdocs\\tekiplanet\\backend\\vendor\\laravel\\framework\\src\\Illuminate\\Database\\Migrations\\Migrator.php(783): Illuminate\\Console\\View\\Components\\Task->render('2024_05_01_0000...', Object(Closure))
#13 C:\\xampp\\htdocs\\tekiplanet\\backend\\vendor\\laravel\\framework\\src\\Illuminate\\Database\\Migrations\\Migrator.php(224): Illuminate\\Database\\Migrations\\Migrator->write('Illuminate\\\\Cons...', '2024_05_01_0000...', Object(Closure))
#14 C:\\xampp\\htdocs\\tekiplanet\\backend\\vendor\\laravel\\framework\\src\\Illuminate\\Database\\Migrations\\Migrator.php(189): Illuminate\\Database\\Migrations\\Migrator->runUp('C:\\\\xampp\\\\htdocs...', 43, false)
#15 C:\\xampp\\htdocs\\tekiplanet\\backend\\vendor\\laravel\\framework\\src\\Illuminate\\Database\\Migrations\\Migrator.php(132): Illuminate\\Database\\Migrations\\Migrator->runPending(Array, Array)
#16 C:\\xampp\\htdocs\\tekiplanet\\backend\\vendor\\laravel\\framework\\src\\Illuminate\\Database\\Console\\Migrations\\MigrateCommand.php(92): Illuminate\\Database\\Migrations\\Migrator->run(Array, Array)
#17 C:\\xampp\\htdocs\\tekiplanet\\backend\\vendor\\laravel\\framework\\src\\Illuminate\\Database\\Migrations\\Migrator.php(641): Illuminate\\Database\\Console\\Migrations\\MigrateCommand->Illuminate\\Database\\Console\\Migrations\\{closure}()
#18 C:\\xampp\\htdocs\\tekiplanet\\backend\\vendor\\laravel\\framework\\src\\Illuminate\\Database\\Console\\Migrations\\MigrateCommand.php(104): Illuminate\\Database\\Migrations\\Migrator->usingConnection(NULL, Object(Closure))
#19 C:\\xampp\\htdocs\\tekiplanet\\backend\\vendor\\laravel\\framework\\src\\Illuminate\\Container\\BoundMethod.php(36): Illuminate\\Database\\Console\\Migrations\\MigrateCommand->handle()
#20 C:\\xampp\\htdocs\\tekiplanet\\backend\\vendor\\laravel\\framework\\src\\Illuminate\\Container\\Util.php(41): Illuminate\\Container\\BoundMethod::Illuminate\\Container\\{closure}()
#21 C:\\xampp\\htdocs\\tekiplanet\\backend\\vendor\\laravel\\framework\\src\\Illuminate\\Container\\BoundMethod.php(93): Illuminate\\Container\\Util::unwrapIfClosure(Object(Closure))
#22 C:\\xampp\\htdocs\\tekiplanet\\backend\\vendor\\laravel\\framework\\src\\Illuminate\\Container\\BoundMethod.php(37): Illuminate\\Container\\BoundMethod::callBoundMethod(Object(Illuminate\\Foundation\\Application), Array, Object(Closure))
#23 C:\\xampp\\htdocs\\tekiplanet\\backend\\vendor\\laravel\\framework\\src\\Illuminate\\Container\\Container.php(662): Illuminate\\Container\\BoundMethod::call(Object(Illuminate\\Foundation\\Application), Array, Array, NULL)
#24 C:\\xampp\\htdocs\\tekiplanet\\backend\\vendor\\laravel\\framework\\src\\Illuminate\\Console\\Command.php(211): Illuminate\\Container\\Container->call(Array)
#25 C:\\xampp\\htdocs\\tekiplanet\\backend\\vendor\\symfony\\console\\Command\\Command.php(326): Illuminate\\Console\\Command->execute(Object(Symfony\\Component\\Console\\Input\\ArgvInput), Object(Illuminate\\Console\\OutputStyle))
#26 C:\\xampp\\htdocs\\tekiplanet\\backend\\vendor\\laravel\\framework\\src\\Illuminate\\Console\\Command.php(181): Symfony\\Component\\Console\\Command\\Command->run(Object(Symfony\\Component\\Console\\Input\\ArgvInput), Object(Illuminate\\Console\\OutputStyle))
#27 C:\\xampp\\htdocs\\tekiplanet\\backend\\vendor\\symfony\\console\\Application.php(1096): Illuminate\\Console\\Command->run(Object(Symfony\\Component\\Console\\Input\\ArgvInput), Object(Symfony\\Component\\Console\\Output\\ConsoleOutput))
#28 C:\\xampp\\htdocs\\tekiplanet\\backend\\vendor\\symfony\\console\\Application.php(324): Symfony\\Component\\Console\\Application->doRunCommand(Object(Illuminate\\Database\\Console\\Migrations\\MigrateCommand), Object(Symfony\\Component\\Console\\Input\\ArgvInput), Object(Symfony\\Component\\Console\\Output\\ConsoleOutput))
#29 C:\\xampp\\htdocs\\tekiplanet\\backend\\vendor\\symfony\\console\\Application.php(175): Symfony\\Component\\Console\\Application->doRun(Object(Symfony\\Component\\Console\\Input\\ArgvInput), Object(Symfony\\Component\\Console\\Output\\ConsoleOutput))
#30 C:\\xampp\\htdocs\\tekiplanet\\backend\\vendor\\laravel\\framework\\src\\Illuminate\\Foundation\\Console\\Kernel.php(201): Symfony\\Component\\Console\\Application->run(Object(Symfony\\Component\\Console\\Input\\ArgvInput), Object(Symfony\\Component\\Console\\Output\\ConsoleOutput))
#31 C:\\xampp\\htdocs\\tekiplanet\\backend\\artisan(37): Illuminate\\Foundation\\Console\\Kernel->handle(Object(Symfony\\Component\\Console\\Input\\ArgvInput), Object(Symfony\\Component\\Console\\Output\\ConsoleOutput))
#32 {main}

[previous exception] [object] (PDOException(code: HY000): SQLSTATE[HY000]: General error: 1005 Can't create table `tph`.`user_conversion_tasks` (errno: 150 \"Foreign key constraint is incorrectly formed\") at C:\\xampp\\htdocs\\tekiplanet\\backend\\vendor\\laravel\\framework\\src\\Illuminate\\Database\\Connection.php:587)
[stacktrace]
#0 C:\\xampp\\htdocs\\tekiplanet\\backend\\vendor\\laravel\\framework\\src\\Illuminate\\Database\\Connection.php(587): PDOStatement->execute()
#1 C:\\xampp\\htdocs\\tekiplanet\\backend\\vendor\\laravel\\framework\\src\\Illuminate\\Database\\Connection.php(816): Illuminate\\Database\\Connection->Illuminate\\Database\\{closure}('alter table `us...', Array)
#2 C:\\xampp\\htdocs\\tekiplanet\\backend\\vendor\\laravel\\framework\\src\\Illuminate\\Database\\Connection.php(783): Illuminate\\Database\\Connection->runQueryCallback('alter table `us...', Array, Object(Closure))
#3 C:\\xampp\\htdocs\\tekiplanet\\backend\\vendor\\laravel\\framework\\src\\Illuminate\\Database\\Connection.php(588): Illuminate\\Database\\Connection->run('alter table `us...', Array, Object(Closure))
#4 C:\\xampp\\htdocs\\tekiplanet\\backend\\vendor\\laravel\\framework\\src\\Illuminate\\Database\\Schema\\Blueprint.php(110): Illuminate\\Database\\Connection->statement('alter table `us...')
#5 C:\\xampp\\htdocs\\tekiplanet\\backend\\vendor\\laravel\\framework\\src\\Illuminate\\Database\\Schema\\Builder.php(602): Illuminate\\Database\\Schema\\Blueprint->build(Object(Illuminate\\Database\\MySqlConnection), Object(Illuminate\\Database\\Schema\\Grammars\\MySqlGrammar))
#6 C:\\xampp\\htdocs\\tekiplanet\\backend\\vendor\\laravel\\framework\\src\\Illuminate\\Database\\Schema\\Builder.php(460): Illuminate\\Database\\Schema\\Builder->build(Object(Illuminate\\Database\\Schema\\Blueprint))
#7 C:\\xampp\\htdocs\\tekiplanet\\backend\\vendor\\laravel\\framework\\src\\Illuminate\\Support\\Facades\\Facade.php(355): Illuminate\\Database\\Schema\\Builder->create('user_conversion...', Object(Closure))
#8 C:\\xampp\\htdocs\\tekiplanet\\backend\\database\\migrations\\2024_05_01_000005_create_user_conversion_tasks_table.php(25): Illuminate\\Support\\Facades\\Facade::__callStatic('create', Array)
#9 C:\\xampp\\htdocs\\tekiplanet\\backend\\vendor\\laravel\\framework\\src\\Illuminate\\Database\\Migrations\\Migrator.php(501): Illuminate\\Database\\Migrations\\Migration@anonymous->up()
#10 C:\\xampp\\htdocs\\tekiplanet\\backend\\vendor\\laravel\\framework\\src\\Illuminate\\Database\\Migrations\\Migrator.php(418): Illuminate\\Database\\Migrations\\Migrator->runMethod(Object(Illuminate\\Database\\MySqlConnection), Object(Illuminate\\Database\\Migrations\\Migration@anonymous), 'up')
#11 C:\\xampp\\htdocs\\tekiplanet\\backend\\vendor\\laravel\\framework\\src\\Illuminate\\Database\\Migrations\\Migrator.php(427): Illuminate\\Database\\Migrations\\Migrator->Illuminate\\Database\\Migrations\\{closure}()
#12 C:\\xampp\\htdocs\\tekiplanet\\backend\\vendor\\laravel\\framework\\src\\Illuminate\\Database\\Migrations\\Migrator.php(224): Illuminate\\Database\\Migrations\\Migrator->runMigration(Object(Illuminate\\Database\\Migrations\\Migration@anonymous), 'up')
#13 C:\\xampp\\htdocs\\tekiplanet\\backend\\vendor\\laravel\\framework\\src\\Illuminate\\Console\\View\\Components\\Task.php(37): Illuminate\\Database\\Migrations\\Migrator->Illuminate\\Database\\Migrations\\{closure}()
#14 C:\\xampp\\htdocs\\tekiplanet\\backend\\vendor\\laravel\\framework\\src\\Illuminate\\Database\\Migrations\\Migrator.php(783): Illuminate\\Console\\View\\Components\\Task->render('2024_05_01_0000...', Object(Closure))
#15 C:\\xampp\\htdocs\\tekiplanet\\backend\\vendor\\laravel\\framework\\src\\Illuminate\\Database\\Migrations\\Migrator.php(224): Illuminate\\Database\\Migrations\\Migrator->write('Illuminate\\\\Cons...', '2024_05_01_0000...', Object(Closure))
#16 C:\\xampp\\htdocs\\tekiplanet\\backend\\vendor\\laravel\\framework\\src\\Illuminate\\Database\\Migrations\\Migrator.php(189): Illuminate\\Database\\Migrations\\Migrator->runUp('C:\\\\xampp\\\\htdocs...', 43, false)
#17 C:\\xampp\\htdocs\\tekiplanet\\backend\\vendor\\laravel\\framework\\src\\Illuminate\\Database\\Migrations\\Migrator.php(132): Illuminate\\Database\\Migrations\\Migrator->runPending(Array, Array)
#18 C:\\xampp\\htdocs\\tekiplanet\\backend\\vendor\\laravel\\framework\\src\\Illuminate\\Database\\Console\\Migrations\\MigrateCommand.php(92): Illuminate\\Database\\Migrations\\Migrator->run(Array, Array)
#19 C:\\xampp\\htdocs\\tekiplanet\\backend\\vendor\\laravel\\framework\\src\\Illuminate\\Database\\Migrations\\Migrator.php(641): Illuminate\\Database\\Console\\Migrations\\MigrateCommand->Illuminate\\Database\\Console\\Migrations\\{closure}()
#20 C:\\xampp\\htdocs\\tekiplanet\\backend\\vendor\\laravel\\framework\\src\\Illuminate\\Database\\Console\\Migrations\\MigrateCommand.php(104): Illuminate\\Database\\Migrations\\Migrator->usingConnection(NULL, Object(Closure))
#21 C:\\xampp\\htdocs\\tekiplanet\\backend\\vendor\\laravel\\framework\\src\\Illuminate\\Container\\BoundMethod.php(36): Illuminate\\Database\\Console\\Migrations\\MigrateCommand->handle()
#22 C:\\xampp\\htdocs\\tekiplanet\\backend\\vendor\\laravel\\framework\\src\\Illuminate\\Container\\Util.php(41): Illuminate\\Container\\BoundMethod::Illuminate\\Container\\{closure}()
#23 C:\\xampp\\htdocs\\tekiplanet\\backend\\vendor\\laravel\\framework\\src\\Illuminate\\Container\\BoundMethod.php(93): Illuminate\\Container\\Util::unwrapIfClosure(Object(Closure))
#24 C:\\xampp\\htdocs\\tekiplanet\\backend\\vendor\\laravel\\framework\\src\\Illuminate\\Container\\BoundMethod.php(37): Illuminate\\Container\\BoundMethod::callBoundMethod(Object(Illuminate\\Foundation\\Application), Array, Object(Closure))
#25 C:\\xampp\\htdocs\\tekiplanet\\backend\\vendor\\laravel\\framework\\src\\Illuminate\\Container\\Container.php(662): Illuminate\\Container\\BoundMethod::call(Object(Illuminate\\Foundation\\Application), Array, Array, NULL)
#26 C:\\xampp\\htdocs\\tekiplanet\\backend\\vendor\\laravel\\framework\\src\\Illuminate\\Console\\Command.php(211): Illuminate\\Container\\Container->call(Array)
#27 C:\\xampp\\htdocs\\tekiplanet\\backend\\vendor\\symfony\\console\\Command\\Command.php(326): Illuminate\\Console\\Command->execute(Object(Symfony\\Component\\Console\\Input\\ArgvInput), Object(Illuminate\\Console\\OutputStyle))
#28 C:\\xampp\\htdocs\\tekiplanet\\backend\\vendor\\laravel\\framework\\src\\Illuminate\\Console\\Command.php(181): Symfony\\Component\\Console\\Command\\Command->run(Object(Symfony\\Component\\Console\\Input\\ArgvInput), Object(Illuminate\\Console\\OutputStyle))
#29 C:\\xampp\\htdocs\\tekiplanet\\backend\\vendor\\symfony\\console\\Application.php(1096): Illuminate\\Console\\Command->run(Object(Symfony\\Component\\Console\\Input\\ArgvInput), Object(Symfony\\Component\\Console\\Output\\ConsoleOutput))
#30 C:\\xampp\\htdocs\\tekiplanet\\backend\\vendor\\symfony\\console\\Application.php(324): Symfony\\Component\\Console\\Application->doRunCommand(Object(Illuminate\\Database\\Console\\Migrations\\MigrateCommand), Object(Symfony\\Component\\Console\\Input\\ArgvInput), Object(Symfony\\Component\\Console\\Output\\ConsoleOutput))
#31 C:\\xampp\\htdocs\\tekiplanet\\backend\\vendor\\symfony\\console\\Application.php(175): Symfony\\Component\\Console\\Application->doRun(Object(Symfony\\Component\\Console\\Input\\ArgvInput), Object(Symfony\\Component\\Console\\Output\\ConsoleOutput))
#32 C:\\xampp\\htdocs\\tekiplanet\\backend\\vendor\\laravel\\framework\\src\\Illuminate\\Foundation\\Console\\Kernel.php(201): Symfony\\Component\\Console\\Application->run(Object(Symfony\\Component\\Console\\Input\\ArgvInput), Object(Symfony\\Component\\Console\\Output\\ConsoleOutput))
#33 C:\\xampp\\htdocs\\tekiplanet\\backend\\artisan(37): Illuminate\\Foundation\\Console\\Kernel->handle(Object(Symfony\\Component\\Console\\Input\\ArgvInput), Object(Symfony\\Component\\Console\\Output\\ConsoleOutput))
#34 {main}
"} 
[2025-08-07 09:12:45] production.ERROR: SQLSTATE[42S01]: Base table or view already exists: 1050 Table 'user_conversion_tasks' already exists (Connection: mysql, SQL: create table `user_conversion_tasks` (`id` char(36) not null, `user_id` char(36) not null, `conversion_task_id` char(36) not null, `status` enum('assigned', 'in_progress', 'completed', 'failed') not null default 'assigned', `assigned_at` timestamp null, `completed_at` timestamp null, `created_at` timestamp null, `updated_at` timestamp null, primary key (`id`)) default character set utf8mb4 collate 'utf8mb4_unicode_ci') {"exception":"[object] (Illuminate\\Database\\QueryException(code: 42S01): SQLSTATE[42S01]: Base table or view already exists: 1050 Table 'user_conversion_tasks' already exists (Connection: mysql, SQL: create table `user_conversion_tasks` (`id` char(36) not null, `user_id` char(36) not null, `conversion_task_id` char(36) not null, `status` enum('assigned', 'in_progress', 'completed', 'failed') not null default 'assigned', `assigned_at` timestamp null, `completed_at` timestamp null, `created_at` timestamp null, `updated_at` timestamp null, primary key (`id`)) default character set utf8mb4 collate 'utf8mb4_unicode_ci') at C:\\xampp\\htdocs\\tekiplanet\\backend\\vendor\\laravel\\framework\\src\\Illuminate\\Database\\Connection.php:829)
[stacktrace]
#0 C:\\xampp\\htdocs\\tekiplanet\\backend\\vendor\\laravel\\framework\\src\\Illuminate\\Database\\Connection.php(783): Illuminate\\Database\\Connection->runQueryCallback('create table `u...', Array, Object(Closure))
#1 C:\\xampp\\htdocs\\tekiplanet\\backend\\vendor\\laravel\\framework\\src\\Illuminate\\Database\\Connection.php(588): Illuminate\\Database\\Connection->run('create table `u...', Array, Object(Closure))
#2 C:\\xampp\\htdocs\\tekiplanet\\backend\\vendor\\laravel\\framework\\src\\Illuminate\\Database\\Schema\\Blueprint.php(110): Illuminate\\Database\\Connection->statement('create table `u...')
#3 C:\\xampp\\htdocs\\tekiplanet\\backend\\vendor\\laravel\\framework\\src\\Illuminate\\Database\\Schema\\Builder.php(602): Illuminate\\Database\\Schema\\Blueprint->build(Object(Illuminate\\Database\\MySqlConnection), Object(Illuminate\\Database\\Schema\\Grammars\\MySqlGrammar))
#4 C:\\xampp\\htdocs\\tekiplanet\\backend\\vendor\\laravel\\framework\\src\\Illuminate\\Database\\Schema\\Builder.php(460): Illuminate\\Database\\Schema\\Builder->build(Object(Illuminate\\Database\\Schema\\Blueprint))
#5 C:\\xampp\\htdocs\\tekiplanet\\backend\\vendor\\laravel\\framework\\src\\Illuminate\\Support\\Facades\\Facade.php(355): Illuminate\\Database\\Schema\\Builder->create('user_conversion...', Object(Closure))
#6 C:\\xampp\\htdocs\\tekiplanet\\backend\\database\\migrations\\2024_05_01_000005_create_user_conversion_tasks_table.php(25): Illuminate\\Support\\Facades\\Facade::__callStatic('create', Array)
#7 C:\\xampp\\htdocs\\tekiplanet\\backend\\vendor\\laravel\\framework\\src\\Illuminate\\Database\\Migrations\\Migrator.php(501): Illuminate\\Database\\Migrations\\Migration@anonymous->up()
#8 C:\\xampp\\htdocs\\tekiplanet\\backend\\vendor\\laravel\\framework\\src\\Illuminate\\Database\\Migrations\\Migrator.php(418): Illuminate\\Database\\Migrations\\Migrator->runMethod(Object(Illuminate\\Database\\MySqlConnection), Object(Illuminate\\Database\\Migrations\\Migration@anonymous), 'up')
#9 C:\\xampp\\htdocs\\tekiplanet\\backend\\vendor\\laravel\\framework\\src\\Illuminate\\Database\\Migrations\\Migrator.php(427): Illuminate\\Database\\Migrations\\Migrator->Illuminate\\Database\\Migrations\\{closure}()
#10 C:\\xampp\\htdocs\\tekiplanet\\backend\\vendor\\laravel\\framework\\src\\Illuminate\\Database\\Migrations\\Migrator.php(224): Illuminate\\Database\\Migrations\\Migrator->runMigration(Object(Illuminate\\Database\\Migrations\\Migration@anonymous), 'up')
#11 C:\\xampp\\htdocs\\tekiplanet\\backend\\vendor\\laravel\\framework\\src\\Illuminate\\Console\\View\\Components\\Task.php(37): Illuminate\\Database\\Migrations\\Migrator->Illuminate\\Database\\Migrations\\{closure}()
#12 C:\\xampp\\htdocs\\tekiplanet\\backend\\vendor\\laravel\\framework\\src\\Illuminate\\Database\\Migrations\\Migrator.php(783): Illuminate\\Console\\View\\Components\\Task->render('2024_05_01_0000...', Object(Closure))
#13 C:\\xampp\\htdocs\\tekiplanet\\backend\\vendor\\laravel\\framework\\src\\Illuminate\\Database\\Migrations\\Migrator.php(224): Illuminate\\Database\\Migrations\\Migrator->write('Illuminate\\\\Cons...', '2024_05_01_0000...', Object(Closure))
#14 C:\\xampp\\htdocs\\tekiplanet\\backend\\vendor\\laravel\\framework\\src\\Illuminate\\Database\\Migrations\\Migrator.php(189): Illuminate\\Database\\Migrations\\Migrator->runUp('C:\\\\xampp\\\\htdocs...', 43, false)
#15 C:\\xampp\\htdocs\\tekiplanet\\backend\\vendor\\laravel\\framework\\src\\Illuminate\\Database\\Migrations\\Migrator.php(132): Illuminate\\Database\\Migrations\\Migrator->runPending(Array, Array)
#16 C:\\xampp\\htdocs\\tekiplanet\\backend\\vendor\\laravel\\framework\\src\\Illuminate\\Database\\Console\\Migrations\\MigrateCommand.php(92): Illuminate\\Database\\Migrations\\Migrator->run(Array, Array)
#17 C:\\xampp\\htdocs\\tekiplanet\\backend\\vendor\\laravel\\framework\\src\\Illuminate\\Database\\Migrations\\Migrator.php(641): Illuminate\\Database\\Console\\Migrations\\MigrateCommand->Illuminate\\Database\\Console\\Migrations\\{closure}()
#18 C:\\xampp\\htdocs\\tekiplanet\\backend\\vendor\\laravel\\framework\\src\\Illuminate\\Database\\Console\\Migrations\\MigrateCommand.php(104): Illuminate\\Database\\Migrations\\Migrator->usingConnection(NULL, Object(Closure))
#19 C:\\xampp\\htdocs\\tekiplanet\\backend\\vendor\\laravel\\framework\\src\\Illuminate\\Container\\BoundMethod.php(36): Illuminate\\Database\\Console\\Migrations\\MigrateCommand->handle()
#20 C:\\xampp\\htdocs\\tekiplanet\\backend\\vendor\\laravel\\framework\\src\\Illuminate\\Container\\Util.php(41): Illuminate\\Container\\BoundMethod::Illuminate\\Container\\{closure}()
#21 C:\\xampp\\htdocs\\tekiplanet\\backend\\vendor\\laravel\\framework\\src\\Illuminate\\Container\\BoundMethod.php(93): Illuminate\\Container\\Util::unwrapIfClosure(Object(Closure))
#22 C:\\xampp\\htdocs\\tekiplanet\\backend\\vendor\\laravel\\framework\\src\\Illuminate\\Container\\BoundMethod.php(37): Illuminate\\Container\\BoundMethod::callBoundMethod(Object(Illuminate\\Foundation\\Application), Array, Object(Closure))
#23 C:\\xampp\\htdocs\\tekiplanet\\backend\\vendor\\laravel\\framework\\src\\Illuminate\\Container\\Container.php(662): Illuminate\\Container\\BoundMethod::call(Object(Illuminate\\Foundation\\Application), Array, Array, NULL)
#24 C:\\xampp\\htdocs\\tekiplanet\\backend\\vendor\\laravel\\framework\\src\\Illuminate\\Console\\Command.php(211): Illuminate\\Container\\Container->call(Array)
#25 C:\\xampp\\htdocs\\tekiplanet\\backend\\vendor\\symfony\\console\\Command\\Command.php(326): Illuminate\\Console\\Command->execute(Object(Symfony\\Component\\Console\\Input\\ArgvInput), Object(Illuminate\\Console\\OutputStyle))
#26 C:\\xampp\\htdocs\\tekiplanet\\backend\\vendor\\laravel\\framework\\src\\Illuminate\\Console\\Command.php(181): Symfony\\Component\\Console\\Command\\Command->run(Object(Symfony\\Component\\Console\\Input\\ArgvInput), Object(Illuminate\\Console\\OutputStyle))
#27 C:\\xampp\\htdocs\\tekiplanet\\backend\\vendor\\symfony\\console\\Application.php(1096): Illuminate\\Console\\Command->run(Object(Symfony\\Component\\Console\\Input\\ArgvInput), Object(Symfony\\Component\\Console\\Output\\ConsoleOutput))
#28 C:\\xampp\\htdocs\\tekiplanet\\backend\\vendor\\symfony\\console\\Application.php(324): Symfony\\Component\\Console\\Application->doRunCommand(Object(Illuminate\\Database\\Console\\Migrations\\MigrateCommand), Object(Symfony\\Component\\Console\\Input\\ArgvInput), Object(Symfony\\Component\\Console\\Output\\ConsoleOutput))
#29 C:\\xampp\\htdocs\\tekiplanet\\backend\\vendor\\symfony\\console\\Application.php(175): Symfony\\Component\\Console\\Application->doRun(Object(Symfony\\Component\\Console\\Input\\ArgvInput), Object(Symfony\\Component\\Console\\Output\\ConsoleOutput))
#30 C:\\xampp\\htdocs\\tekiplanet\\backend\\vendor\\laravel\\framework\\src\\Illuminate\\Foundation\\Console\\Kernel.php(201): Symfony\\Component\\Console\\Application->run(Object(Symfony\\Component\\Console\\Input\\ArgvInput), Object(Symfony\\Component\\Console\\Output\\ConsoleOutput))
#31 C:\\xampp\\htdocs\\tekiplanet\\backend\\artisan(37): Illuminate\\Foundation\\Console\\Kernel->handle(Object(Symfony\\Component\\Console\\Input\\ArgvInput), Object(Symfony\\Component\\Console\\Output\\ConsoleOutput))
#32 {main}

[previous exception] [object] (PDOException(code: 42S01): SQLSTATE[42S01]: Base table or view already exists: 1050 Table 'user_conversion_tasks' already exists at C:\\xampp\\htdocs\\tekiplanet\\backend\\vendor\\laravel\\framework\\src\\Illuminate\\Database\\Connection.php:587)
[stacktrace]
#0 C:\\xampp\\htdocs\\tekiplanet\\backend\\vendor\\laravel\\framework\\src\\Illuminate\\Database\\Connection.php(587): PDOStatement->execute()
#1 C:\\xampp\\htdocs\\tekiplanet\\backend\\vendor\\laravel\\framework\\src\\Illuminate\\Database\\Connection.php(816): Illuminate\\Database\\Connection->Illuminate\\Database\\{closure}('create table `u...', Array)
#2 C:\\xampp\\htdocs\\tekiplanet\\backend\\vendor\\laravel\\framework\\src\\Illuminate\\Database\\Connection.php(783): Illuminate\\Database\\Connection->runQueryCallback('create table `u...', Array, Object(Closure))
#3 C:\\xampp\\htdocs\\tekiplanet\\backend\\vendor\\laravel\\framework\\src\\Illuminate\\Database\\Connection.php(588): Illuminate\\Database\\Connection->run('create table `u...', Array, Object(Closure))
#4 C:\\xampp\\htdocs\\tekiplanet\\backend\\vendor\\laravel\\framework\\src\\Illuminate\\Database\\Schema\\Blueprint.php(110): Illuminate\\Database\\Connection->statement('create table `u...')
#5 C:\\xampp\\htdocs\\tekiplanet\\backend\\vendor\\laravel\\framework\\src\\Illuminate\\Database\\Schema\\Builder.php(602): Illuminate\\Database\\Schema\\Blueprint->build(Object(Illuminate\\Database\\MySqlConnection), Object(Illuminate\\Database\\Schema\\Grammars\\MySqlGrammar))
#6 C:\\xampp\\htdocs\\tekiplanet\\backend\\vendor\\laravel\\framework\\src\\Illuminate\\Database\\Schema\\Builder.php(460): Illuminate\\Database\\Schema\\Builder->build(Object(Illuminate\\Database\\Schema\\Blueprint))
#7 C:\\xampp\\htdocs\\tekiplanet\\backend\\vendor\\laravel\\framework\\src\\Illuminate\\Support\\Facades\\Facade.php(355): Illuminate\\Database\\Schema\\Builder->create('user_conversion...', Object(Closure))
#8 C:\\xampp\\htdocs\\tekiplanet\\backend\\database\\migrations\\2024_05_01_000005_create_user_conversion_tasks_table.php(25): Illuminate\\Support\\Facades\\Facade::__callStatic('create', Array)
#9 C:\\xampp\\htdocs\\tekiplanet\\backend\\vendor\\laravel\\framework\\src\\Illuminate\\Database\\Migrations\\Migrator.php(501): Illuminate\\Database\\Migrations\\Migration@anonymous->up()
#10 C:\\xampp\\htdocs\\tekiplanet\\backend\\vendor\\laravel\\framework\\src\\Illuminate\\Database\\Migrations\\Migrator.php(418): Illuminate\\Database\\Migrations\\Migrator->runMethod(Object(Illuminate\\Database\\MySqlConnection), Object(Illuminate\\Database\\Migrations\\Migration@anonymous), 'up')
#11 C:\\xampp\\htdocs\\tekiplanet\\backend\\vendor\\laravel\\framework\\src\\Illuminate\\Database\\Migrations\\Migrator.php(427): Illuminate\\Database\\Migrations\\Migrator->Illuminate\\Database\\Migrations\\{closure}()
#12 C:\\xampp\\htdocs\\tekiplanet\\backend\\vendor\\laravel\\framework\\src\\Illuminate\\Database\\Migrations\\Migrator.php(224): Illuminate\\Database\\Migrations\\Migrator->runMigration(Object(Illuminate\\Database\\Migrations\\Migration@anonymous), 'up')
#13 C:\\xampp\\htdocs\\tekiplanet\\backend\\vendor\\laravel\\framework\\src\\Illuminate\\Console\\View\\Components\\Task.php(37): Illuminate\\Database\\Migrations\\Migrator->Illuminate\\Database\\Migrations\\{closure}()
#14 C:\\xampp\\htdocs\\tekiplanet\\backend\\vendor\\laravel\\framework\\src\\Illuminate\\Database\\Migrations\\Migrator.php(783): Illuminate\\Console\\View\\Components\\Task->render('2024_05_01_0000...', Object(Closure))
#15 C:\\xampp\\htdocs\\tekiplanet\\backend\\vendor\\laravel\\framework\\src\\Illuminate\\Database\\Migrations\\Migrator.php(224): Illuminate\\Database\\Migrations\\Migrator->write('Illuminate\\\\Cons...', '2024_05_01_0000...', Object(Closure))
#16 C:\\xampp\\htdocs\\tekiplanet\\backend\\vendor\\laravel\\framework\\src\\Illuminate\\Database\\Migrations\\Migrator.php(189): Illuminate\\Database\\Migrations\\Migrator->runUp('C:\\\\xampp\\\\htdocs...', 43, false)
#17 C:\\xampp\\htdocs\\tekiplanet\\backend\\vendor\\laravel\\framework\\src\\Illuminate\\Database\\Migrations\\Migrator.php(132): Illuminate\\Database\\Migrations\\Migrator->runPending(Array, Array)
#18 C:\\xampp\\htdocs\\tekiplanet\\backend\\vendor\\laravel\\framework\\src\\Illuminate\\Database\\Console\\Migrations\\MigrateCommand.php(92): Illuminate\\Database\\Migrations\\Migrator->run(Array, Array)
#19 C:\\xampp\\htdocs\\tekiplanet\\backend\\vendor\\laravel\\framework\\src\\Illuminate\\Database\\Migrations\\Migrator.php(641): Illuminate\\Database\\Console\\Migrations\\MigrateCommand->Illuminate\\Database\\Console\\Migrations\\{closure}()
#20 C:\\xampp\\htdocs\\tekiplanet\\backend\\vendor\\laravel\\framework\\src\\Illuminate\\Database\\Console\\Migrations\\MigrateCommand.php(104): Illuminate\\Database\\Migrations\\Migrator->usingConnection(NULL, Object(Closure))
#21 C:\\xampp\\htdocs\\tekiplanet\\backend\\vendor\\laravel\\framework\\src\\Illuminate\\Container\\BoundMethod.php(36): Illuminate\\Database\\Console\\Migrations\\MigrateCommand->handle()
#22 C:\\xampp\\htdocs\\tekiplanet\\backend\\vendor\\laravel\\framework\\src\\Illuminate\\Container\\Util.php(41): Illuminate\\Container\\BoundMethod::Illuminate\\Container\\{closure}()
#23 C:\\xampp\\htdocs\\tekiplanet\\backend\\vendor\\laravel\\framework\\src\\Illuminate\\Container\\BoundMethod.php(93): Illuminate\\Container\\Util::unwrapIfClosure(Object(Closure))
#24 C:\\xampp\\htdocs\\tekiplanet\\backend\\vendor\\laravel\\framework\\src\\Illuminate\\Container\\BoundMethod.php(37): Illuminate\\Container\\BoundMethod::callBoundMethod(Object(Illuminate\\Foundation\\Application), Array, Object(Closure))
#25 C:\\xampp\\htdocs\\tekiplanet\\backend\\vendor\\laravel\\framework\\src\\Illuminate\\Container\\Container.php(662): Illuminate\\Container\\BoundMethod::call(Object(Illuminate\\Foundation\\Application), Array, Array, NULL)
#26 C:\\xampp\\htdocs\\tekiplanet\\backend\\vendor\\laravel\\framework\\src\\Illuminate\\Console\\Command.php(211): Illuminate\\Container\\Container->call(Array)
#27 C:\\xampp\\htdocs\\tekiplanet\\backend\\vendor\\symfony\\console\\Command\\Command.php(326): Illuminate\\Console\\Command->execute(Object(Symfony\\Component\\Console\\Input\\ArgvInput), Object(Illuminate\\Console\\OutputStyle))
#28 C:\\xampp\\htdocs\\tekiplanet\\backend\\vendor\\laravel\\framework\\src\\Illuminate\\Console\\Command.php(181): Symfony\\Component\\Console\\Command\\Command->run(Object(Symfony\\Component\\Console\\Input\\ArgvInput), Object(Illuminate\\Console\\OutputStyle))
#29 C:\\xampp\\htdocs\\tekiplanet\\backend\\vendor\\symfony\\console\\Application.php(1096): Illuminate\\Console\\Command->run(Object(Symfony\\Component\\Console\\Input\\ArgvInput), Object(Symfony\\Component\\Console\\Output\\ConsoleOutput))
#30 C:\\xampp\\htdocs\\tekiplanet\\backend\\vendor\\symfony\\console\\Application.php(324): Symfony\\Component\\Console\\Application->doRunCommand(Object(Illuminate\\Database\\Console\\Migrations\\MigrateCommand), Object(Symfony\\Component\\Console\\Input\\ArgvInput), Object(Symfony\\Component\\Console\\Output\\ConsoleOutput))
#31 C:\\xampp\\htdocs\\tekiplanet\\backend\\vendor\\symfony\\console\\Application.php(175): Symfony\\Component\\Console\\Application->doRun(Object(Symfony\\Component\\Console\\Input\\ArgvInput), Object(Symfony\\Component\\Console\\Output\\ConsoleOutput))
#32 C:\\xampp\\htdocs\\tekiplanet\\backend\\vendor\\laravel\\framework\\src\\Illuminate\\Foundation\\Console\\Kernel.php(201): Symfony\\Component\\Console\\Application->run(Object(Symfony\\Component\\Console\\Input\\ArgvInput), Object(Symfony\\Component\\Console\\Output\\ConsoleOutput))
#33 C:\\xampp\\htdocs\\tekiplanet\\backend\\artisan(37): Illuminate\\Foundation\\Console\\Kernel->handle(Object(Symfony\\Component\\Console\\Input\\ArgvInput), Object(Symfony\\Component\\Console\\Output\\ConsoleOutput))
#34 {main}
"} 
